# JRE version: OpenJDK Runtime Environment Temurin-21.0.3+9 (21.0.3+9) (build 21.0.3+9-LTS)
# Java VM: OpenJDK 64-Bit Server VM Temurin-21.0.3+9 (21.0.3+9-LTS, mixed mode, tiered, compressed oops, compressed class ptrs, g1 gc, windows-amd64)
GC Precious Log:
 CardTable entry size: 512
 Card Set container configuration: InlinePtr #cards 4 size 8 Array Of Cards #cards 16 size 48 Howl #buckets 8 coarsen threshold 3686 Howl Bitmap #cards 512 size 80 coarsen threshold 460 Card regions per heap region 1 cards per card region 4096
 CPUs: 4 total, 4 available
 Memory: 15275M
 Large Page Support: Disabled
 NUMA Support: Disabled
 Compressed Oops: Enabled (Zero based)
 Heap Region Size: 2M
 Heap Min Capacity: 8M
 Heap Initial Capacity: 240M
 Heap Max Capacity: 3820M
 Pre-touch: Disabled
 Parallel Workers: 4
 Concurrent Workers: 1
 Concurrent Refinement Workers: 4
 Periodic GC: Disabled
Heap:
 garbage-first heap   total 512000K, used 450701K [0x00000006d1400000, 0x00000007c0000000)
  region size 2048K, 152 young (311296K), 4 survivors (8192K)
 Metaspace       used 64719K, committed 65280K, reserved 1114112K
  class space    used 6464K, committed 6720K, reserved 1048576K
GC Heap History (20 events):
Event: 309.139 GC heap after
{Heap after GC invocations=666 (full 47):
 garbage-first heap   total 512000K, used 147341K [0x00000006d1400000, 0x00000007c0000000)
  region size 2048K, 2 young (4096K), 2 survivors (4096K)
 Metaspace       used 64716K, committed 65280K, reserved 1114112K
  class space    used 6464K, committed 6720K, reserved 1048576K
}
Event: 309.450 GC heap before
{Heap before GC invocations=666 (full 47):
 garbage-first heap   total 512000K, used 450445K [0x00000006d1400000, 0x00000007c0000000)
  region size 2048K, 150 young (307200K), 2 survivors (4096K)
 Metaspace       used 64716K, committed 65280K, reserved 1114112K
  class space    used 6464K, committed 6720K, reserved 1048576K
}
Event: 309.454 GC heap after
{Heap after GC invocations=667 (full 47):
 garbage-first heap   total 512000K, used 147630K [0x00000006d1400000, 0x00000007c0000000)
  region size 2048K, 2 young (4096K), 2 survivors (4096K)
 Metaspace       used 64716K, committed 65280K, reserved 1114112K
  class space    used 6464K, committed 6720K, reserved 1048576K
}
Event: 309.776 GC heap before
{Heap before GC invocations=667 (full 47):
 garbage-first heap   total 512000K, used 450734K [0x00000006d1400000, 0x00000007c0000000)
  region size 2048K, 150 young (307200K), 2 survivors (4096K)
 Metaspace       used 64716K, committed 65280K, reserved 1114112K
  class space    used 6464K, committed 6720K, reserved 1048576K
}
Event: 309.780 GC heap after
{Heap after GC invocations=668 (full 47):
 garbage-first heap   total 512000K, used 147563K [0x00000006d1400000, 0x00000007c0000000)
  region size 2048K, 2 young (4096K), 2 survivors (4096K)
 Metaspace       used 64716K, committed 65280K, reserved 1114112K
  class space    used 6464K, committed 6720K, reserved 1048576K
}
Event: 310.097 GC heap before
{Heap before GC invocations=668 (full 47):
 garbage-first heap   total 512000K, used 450667K [0x00000006d1400000, 0x00000007c0000000)
  region size 2048K, 150 young (307200K), 2 survivors (4096K)
 Metaspace       used 64716K, committed 65280K, reserved 1114112K
  class space    used 6464K, committed 6720K, reserved 1048576K
}
Event: 310.102 GC heap after
{Heap after GC invocations=669 (full 47):
 garbage-first heap   total 512000K, used 149018K [0x00000006d1400000, 0x00000007c0000000)
  region size 2048K, 3 young (6144K), 3 survivors (6144K)
 Metaspace       used 64716K, committed 65280K, reserved 1114112K
  class space    used 6464K, committed 6720K, reserved 1048576K
}
Event: 310.405 GC heap before
{Heap before GC invocations=669 (full 47):
 garbage-first heap   total 512000K, used 450074K [0x00000006d1400000, 0x00000007c0000000)
  region size 2048K, 150 young (307200K), 3 survivors (6144K)
 Metaspace       used 64719K, committed 65280K, reserved 1114112K
  class space    used 6464K, committed 6720K, reserved 1048576K
}
Event: 310.408 GC heap after
{Heap after GC invocations=670 (full 47):
 garbage-first heap   total 512000K, used 147465K [0x00000006d1400000, 0x00000007c0000000)
  region size 2048K, 2 young (4096K), 2 survivors (4096K)
 Metaspace       used 64719K, committed 65280K, reserved 1114112K
  class space    used 6464K, committed 6720K, reserved 1048576K
}
Event: 310.714 GC heap before
{Heap before GC invocations=670 (full 47):
 garbage-first heap   total 512000K, used 450569K [0x00000006d1400000, 0x00000007c0000000)
  region size 2048K, 150 young (307200K), 2 survivors (4096K)
 Metaspace       used 64719K, committed 65280K, reserved 1114112K
  class space    used 6464K, committed 6720K, reserved 1048576K
}
Event: 310.718 GC heap after
{Heap after GC invocations=671 (full 47):
 garbage-first heap   total 512000K, used 147912K [0x00000006d1400000, 0x00000007c0000000)
  region size 2048K, 2 young (4096K), 2 survivors (4096K)
 Metaspace       used 64719K, committed 65280K, reserved 1114112K
  class space    used 6464K, committed 6720K, reserved 1048576K
}
Event: 311.020 GC heap before
{Heap before GC invocations=671 (full 47):
 garbage-first heap   total 512000K, used 451016K [0x00000006d1400000, 0x00000007c0000000)
  region size 2048K, 150 young (307200K), 2 survivors (4096K)
 Metaspace       used 64719K, committed 65280K, reserved 1114112K
  class space    used 6464K, committed 6720K, reserved 1048576K
}
Event: 311.023 GC heap after
{Heap after GC invocations=672 (full 47):
 garbage-first heap   total 512000K, used 147054K [0x00000006d1400000, 0x00000007c0000000)
  region size 2048K, 2 young (4096K), 2 survivors (4096K)
 Metaspace       used 64719K, committed 65280K, reserved 1114112K
  class space    used 6464K, committed 6720K, reserved 1048576K
}
Event: 311.327 GC heap before
{Heap before GC invocations=672 (full 47):
 garbage-first heap   total 512000K, used 450158K [0x00000006d1400000, 0x00000007c0000000)
  region size 2048K, 150 young (307200K), 2 survivors (4096K)
 Metaspace       used 64719K, committed 65280K, reserved 1114112K
  class space    used 6464K, committed 6720K, reserved 1048576K
}
Event: 311.331 GC heap after
{Heap after GC invocations=673 (full 47):
 garbage-first heap   total 512000K, used 147787K [0x00000006d1400000, 0x00000007c0000000)
  region size 2048K, 2 young (4096K), 2 survivors (4096K)
 Metaspace       used 64719K, committed 65280K, reserved 1114112K
  class space    used 6464K, committed 6720K, reserved 1048576K
}
Event: 311.646 GC heap before
{Heap before GC invocations=673 (full 47):
 garbage-first heap   total 512000K, used 448843K [0x00000006d1400000, 0x00000007c0000000)
  region size 2048K, 150 young (307200K), 2 survivors (4096K)
 Metaspace       used 64719K, committed 65280K, reserved 1114112K
  class space    used 6464K, committed 6720K, reserved 1048576K
}
Event: 311.650 GC heap after
{Heap after GC invocations=674 (full 47):
 garbage-first heap   total 512000K, used 148744K [0x00000006d1400000, 0x00000007c0000000)
  region size 2048K, 3 young (6144K), 3 survivors (6144K)
 Metaspace       used 64719K, committed 65280K, reserved 1114112K
  class space    used 6464K, committed 6720K, reserved 1048576K
}
Event: 311.938 GC heap before
{Heap before GC invocations=674 (full 47):
 garbage-first heap   total 512000K, used 449800K [0x00000006d1400000, 0x00000007c0000000)
  region size 2048K, 150 young (307200K), 3 survivors (6144K)
 Metaspace       used 64719K, committed 65280K, reserved 1114112K
  class space    used 6464K, committed 6720K, reserved 1048576K
}
Event: 311.941 GC heap after
{Heap after GC invocations=675 (full 47):
 garbage-first heap   total 512000K, used 147597K [0x00000006d1400000, 0x00000007c0000000)
  region size 2048K, 2 young (4096K), 2 survivors (4096K)
 Metaspace       used 64719K, committed 65280K, reserved 1114112K
  class space    used 6464K, committed 6720K, reserved 1048576K
}
Event: 312.308 GC heap before
{Heap before GC invocations=675 (full 47):
 garbage-first heap   total 512000K, used 450701K [0x00000006d1400000, 0x00000007c0000000)
  region size 2048K, 150 young (307200K), 2 survivors (4096K)
 Metaspace       used 64719K, committed 65280K, reserved 1114112K
  class space    used 6464K, committed 6720K, reserved 1048576K
}

