# JRE version: OpenJDK Runtime Environment Temurin-21.0.3+9 (21.0.3+9) (build 21.0.3+9-LTS)
# Java VM: OpenJDK 64-Bit Server VM Temurin-21.0.3+9 (21.0.3+9-LTS, mixed mode, tiered, compressed oops, compressed class ptrs, g1 gc, windows-amd64)
GC Precious Log:
 CardTable entry size: 512
 Card Set container configuration: InlinePtr #cards 4 size 8 Array Of Cards #cards 16 size 48 Howl #buckets 8 coarsen threshold 3686 Howl Bitmap #cards 512 size 80 coarsen threshold 460 Card regions per heap region 1 cards per card region 4096
 CPUs: 4 total, 4 available
 Memory: 15275M
 Large Page Support: Disabled
 NUMA Support: Disabled
 Compressed Oops: Enabled (Zero based)
 Heap Region Size: 2M
 Heap Min Capacity: 8M
 Heap Initial Capacity: 240M
 Heap Max Capacity: 3820M
 Pre-touch: Disabled
 Parallel Workers: 4
 Concurrent Workers: 1
 Concurrent Refinement Workers: 4
 Periodic GC: Disabled
Heap:
 garbage-first heap   total 733184K, used 601576K [0x00000006d1400000, 0x00000007c0000000)
  region size 2048K, 211 young (432128K), 3 survivors (6144K)
 Metaspace       used 64338K, committed 64896K, reserved 1114112K
  class space    used 6461K, committed 6720K, reserved 1048576K
GC Heap History (20 events):
Event: 98.866 GC heap after
{Heap after GC invocations=245 (full 29):
 garbage-first heap   total 589824K, used 140932K [0x00000006d1400000, 0x00000007c0000000)
  region size 2048K, 4 young (8192K), 4 survivors (8192K)
 Metaspace       used 64230K, committed 64832K, reserved 1114112K
  class space    used 6459K, committed 6720K, reserved 1048576K
}
Event: 99.591 GC heap before
{Heap before GC invocations=245 (full 29):
 garbage-first heap   total 589824K, used 484996K [0x00000006d1400000, 0x00000007c0000000)
  region size 2048K, 172 young (352256K), 4 survivors (8192K)
 Metaspace       used 64232K, committed 64832K, reserved 1114112K
  class space    used 6459K, committed 6720K, reserved 1048576K
}
Event: 99.614 GC heap after
{Heap after GC invocations=246 (full 29):
 garbage-first heap   total 589824K, used 151839K [0x00000006d1400000, 0x00000007c0000000)
  region size 2048K, 10 young (20480K), 10 survivors (20480K)
 Metaspace       used 64232K, committed 64832K, reserved 1114112K
  class space    used 6459K, committed 6720K, reserved 1048576K
}
Event: 100.294 GC heap before
{Heap before GC invocations=246 (full 29):
 garbage-first heap   total 589824K, used 483615K [0x00000006d1400000, 0x00000007c0000000)
  region size 2048K, 172 young (352256K), 10 survivors (20480K)
 Metaspace       used 64249K, committed 64832K, reserved 1114112K
  class space    used 6461K, committed 6720K, reserved 1048576K
}
Event: 100.329 GC heap after
{Heap after GC invocations=247 (full 29):
 garbage-first heap   total 589824K, used 177806K [0x00000006d1400000, 0x00000007c0000000)
  region size 2048K, 22 young (45056K), 22 survivors (45056K)
 Metaspace       used 64249K, committed 64832K, reserved 1114112K
  class space    used 6461K, committed 6720K, reserved 1048576K
}
Event: 102.281 GC heap before
{Heap before GC invocations=247 (full 29):
 garbage-first heap   total 589824K, used 485006K [0x00000006d1400000, 0x00000007c0000000)
  region size 2048K, 172 young (352256K), 22 survivors (45056K)
 Metaspace       used 64325K, committed 64896K, reserved 1114112K
  class space    used 6461K, committed 6720K, reserved 1048576K
}
Event: 102.300 GC heap after
{Heap after GC invocations=248 (full 29):
 garbage-first heap   total 589824K, used 169484K [0x00000006d1400000, 0x00000007c0000000)
  region size 2048K, 3 young (6144K), 3 survivors (6144K)
 Metaspace       used 64325K, committed 64896K, reserved 1114112K
  class space    used 6461K, committed 6720K, reserved 1048576K
}
Event: 103.618 GC heap before
{Heap before GC invocations=248 (full 29):
 garbage-first heap   total 589824K, used 515596K [0x00000006d1400000, 0x00000007c0000000)
  region size 2048K, 172 young (352256K), 3 survivors (6144K)
 Metaspace       used 64330K, committed 64896K, reserved 1114112K
  class space    used 6461K, committed 6720K, reserved 1048576K
}
Event: 103.625 GC heap after
{Heap after GC invocations=249 (full 29):
 garbage-first heap   total 589824K, used 170068K [0x00000006d1400000, 0x00000007c0000000)
  region size 2048K, 4 young (8192K), 4 survivors (8192K)
 Metaspace       used 64330K, committed 64896K, reserved 1114112K
  class space    used 6461K, committed 6720K, reserved 1048576K
}
Event: 105.984 GC heap before
{Heap before GC invocations=249 (full 29):
 garbage-first heap   total 589824K, used 514132K [0x00000006d1400000, 0x00000007c0000000)
  region size 2048K, 172 young (352256K), 4 survivors (8192K)
 Metaspace       used 64333K, committed 64896K, reserved 1114112K
  class space    used 6461K, committed 6720K, reserved 1048576K
}
Event: 105.990 GC heap after
{Heap after GC invocations=250 (full 29):
 garbage-first heap   total 589824K, used 169263K [0x00000006d1400000, 0x00000007c0000000)
  region size 2048K, 3 young (6144K), 3 survivors (6144K)
 Metaspace       used 64333K, committed 64896K, reserved 1114112K
  class space    used 6461K, committed 6720K, reserved 1048576K
}
Event: 106.440 GC heap before
{Heap before GC invocations=250 (full 29):
 garbage-first heap   total 589824K, used 515375K [0x00000006d1400000, 0x00000007c0000000)
  region size 2048K, 172 young (352256K), 3 survivors (6144K)
 Metaspace       used 64333K, committed 64896K, reserved 1114112K
  class space    used 6461K, committed 6720K, reserved 1048576K
}
Event: 106.467 GC heap after
{Heap after GC invocations=251 (full 29):
 garbage-first heap   total 589824K, used 190988K [0x00000006d1400000, 0x00000007c0000000)
  region size 2048K, 14 young (28672K), 14 survivors (28672K)
 Metaspace       used 64333K, committed 64896K, reserved 1114112K
  class space    used 6461K, committed 6720K, reserved 1048576K
}
Event: 107.104 GC heap before
{Heap before GC invocations=251 (full 29):
 garbage-first heap   total 589824K, used 514572K [0x00000006d1400000, 0x00000007c0000000)
  region size 2048K, 172 young (352256K), 14 survivors (28672K)
 Metaspace       used 64337K, committed 64896K, reserved 1114112K
  class space    used 6461K, committed 6720K, reserved 1048576K
}
Event: 107.117 GC heap after
{Heap after GC invocations=252 (full 29):
 garbage-first heap   total 733184K, used 176274K [0x00000006d1400000, 0x00000007c0000000)
  region size 2048K, 6 young (12288K), 6 survivors (12288K)
 Metaspace       used 64337K, committed 64896K, reserved 1114112K
  class space    used 6461K, committed 6720K, reserved 1048576K
}
Event: 107.679 GC heap before
{Heap before GC invocations=252 (full 29):
 garbage-first heap   total 733184K, used 602258K [0x00000006d1400000, 0x00000007c0000000)
  region size 2048K, 214 young (438272K), 6 survivors (12288K)
 Metaspace       used 64337K, committed 64896K, reserved 1114112K
  class space    used 6461K, committed 6720K, reserved 1048576K
}
Event: 107.685 GC heap after
{Heap after GC invocations=253 (full 29):
 garbage-first heap   total 733184K, used 172271K [0x00000006d1400000, 0x00000007c0000000)
  region size 2048K, 4 young (8192K), 4 survivors (8192K)
 Metaspace       used 64337K, committed 64896K, reserved 1114112K
  class space    used 6461K, committed 6720K, reserved 1048576K
}
Event: 108.190 GC heap before
{Heap before GC invocations=253 (full 29):
 garbage-first heap   total 733184K, used 602351K [0x00000006d1400000, 0x00000007c0000000)
  region size 2048K, 214 young (438272K), 4 survivors (8192K)
 Metaspace       used 64338K, committed 64896K, reserved 1114112K
  class space    used 6461K, committed 6720K, reserved 1048576K
}
Event: 108.198 GC heap after
{Heap after GC invocations=254 (full 29):
 garbage-first heap   total 733184K, used 175592K [0x00000006d1400000, 0x00000007c0000000)
  region size 2048K, 6 young (12288K), 6 survivors (12288K)
 Metaspace       used 64338K, committed 64896K, reserved 1114112K
  class space    used 6461K, committed 6720K, reserved 1048576K
}
Event: 108.685 GC heap before
{Heap before GC invocations=254 (full 29):
 garbage-first heap   total 733184K, used 599528K [0x00000006d1400000, 0x00000007c0000000)
  region size 2048K, 214 young (438272K), 6 survivors (12288K)
 Metaspace       used 64338K, committed 64896K, reserved 1114112K
  class space    used 6461K, committed 6720K, reserved 1048576K
}

